Wed Mar 07 17:08:45 CST 2018  [debug] AvalonLogSystem initialized using logfile 'E:\learingHome\codes\javaL\.metadata\.plugins\com.genuitec.eclipse.templates\velocity.log'
Wed Mar 07 17:08:45 CST 2018   [info] ************************************************************** 
Wed Mar 07 17:08:45 CST 2018   [info] Starting Jakarta Velocity v1.4
Wed Mar 07 17:08:45 CST 2018   [info] RuntimeInstance initializing.
Wed Mar 07 17:08:45 CST 2018   [info] Default Properties File: org\apache\velocity\runtime\defaults\velocity.properties
Wed Mar 07 17:08:45 CST 2018   [info] Trying to use logger class org.apache.velocity.runtime.log.AvalonLogSystem
Wed Mar 07 17:08:45 CST 2018   [info] Using logger class org.apache.velocity.runtime.log.AvalonLogSystem
Wed Mar 07 17:08:45 CST 2018   [info] Default ResourceManager initializing. (class org.apache.velocity.runtime.resource.ResourceManagerImpl)
Wed Mar 07 17:08:45 CST 2018   [info] Resource Loader Instantiated: com.genuitec.eclipse.templates.internal.PluginResourceLoader
Wed Mar 07 17:08:45 CST 2018   [info] ResourceCache : initialized. (class org.apache.velocity.runtime.resource.ResourceCacheImpl)
Wed Mar 07 17:08:45 CST 2018   [info] Default ResourceManager initialization complete.
Wed Mar 07 17:08:45 CST 2018   [info] Loaded System Directive: org.apache.velocity.runtime.directive.Literal
Wed Mar 07 17:08:45 CST 2018   [info] Loaded System Directive: org.apache.velocity.runtime.directive.Macro
Wed Mar 07 17:08:45 CST 2018   [info] Loaded System Directive: org.apache.velocity.runtime.directive.Parse
Wed Mar 07 17:08:45 CST 2018   [info] Loaded System Directive: org.apache.velocity.runtime.directive.Include
Wed Mar 07 17:08:45 CST 2018   [info] Loaded System Directive: org.apache.velocity.runtime.directive.Foreach
Wed Mar 07 17:08:45 CST 2018   [info] Created: 20 parsers.
Wed Mar 07 17:08:45 CST 2018   [info] Velocimacro : initialization starting.
Wed Mar 07 17:08:45 CST 2018   [info] Velocimacro : adding VMs from VM library template : VM_global_library.vm
Wed Mar 07 17:08:45 CST 2018  [error] ResourceManager : unable to find resource 'VM_global_library.vm' in any resource loader.
Wed Mar 07 17:08:45 CST 2018   [info] Velocimacro : error using  VM library template VM_global_library.vm : org.apache.velocity.exception.ResourceNotFoundException: Unable to find resource 'VM_global_library.vm'
Wed Mar 07 17:08:45 CST 2018   [info] Velocimacro :  VM library template macro registration complete.
Wed Mar 07 17:08:45 CST 2018   [info] Velocimacro : allowInline = true : VMs can be defined inline in templates
Wed Mar 07 17:08:45 CST 2018   [info] Velocimacro : allowInlineToOverride = true : VMs defined inline may replace previous VM definitions
Wed Mar 07 17:08:45 CST 2018   [info] Velocimacro : allowInlineLocal = true : VMs defined inline will be local to their defining template only.
Wed Mar 07 17:08:45 CST 2018   [info] Velocimacro : messages on  : VM system will output logging messages
Wed Mar 07 17:08:45 CST 2018   [info] Velocimacro : autoload off  : VM system will not automatically reload global library macros
Wed Mar 07 17:08:45 CST 2018   [info] Velocimacro : initialization complete.
Wed Mar 07 17:08:45 CST 2018   [info] Velocity successfully started.
Wed Mar 07 17:08:45 CST 2018   [info] ResourceManager : found templates/web.xml.vm with loader com.genuitec.eclipse.templates.internal.PluginResourceLoader
Wed Mar 07 17:08:45 CST 2018   [info] ResourceManager : found /templates/velocity/welcome/Jsp.vtl with loader com.genuitec.eclipse.templates.internal.PluginResourceLoader
